# JRE version: Java(TM) SE Runtime Environment (8.0_92-b14) (build 1.8.0_92-b14)
# Java VM: Java HotSpot(TM) Client VM (25.92-b14 mixed mode windows-x86 )
Heap:
 def new generation   total 39424K, used 13973K [0x05400000, 0x07ec0000, 0x0fea0000)
  eden space 35072K,  37% used [0x05400000, 0x060d1350, 0x07640000)
  from space 4352K,  19% used [0x07a80000, 0x07b543c0, 0x07ec0000)
  to   space 4352K,   0% used [0x07640000, 0x07640000, 0x07a80000)
 tenured generation   total 87424K, used 27759K [0x0fea0000, 0x15400000, 0x25400000)
   the space 87424K,  31% used [0x0fea0000, 0x119bbe18, 0x119bc000, 0x15400000)
 Metaspace       used 18285K, capacity 18732K, committed 18816K, reserved 18816K
GC Heap History (10 events):
Event: 1307.533 GC heap before
{Heap before GC invocations=7 (full 1):
 def new generation   total 39424K, used 35932K [0x05400000, 0x07ec0000, 0x0fea0000)
  eden space 35072K,  99% used [0x05400000, 0x0763ff30, 0x07640000)
  from space 4352K,  19% used [0x07640000, 0x07717490, 0x07a80000)
  to   space 4352K,   0% used [0x07a80000, 0x07a80000, 0x07ec0000)
 tenured generation   total 87424K, used 27759K [0x0fea0000, 0x15400000, 0x25400000)
   the space 87424K,  31% used [0x0fea0000, 0x119bbe18, 0x119bc000, 0x15400000)
 Metaspace       used 18282K, capacity 18732K, committed 18816K, reserved 18816K
Event: 1307.542 GC heap after
Heap after GC invocations=8 (full 1):
 def new generation   total 39424K, used 872K [0x05400000, 0x07ec0000, 0x0fea0000)
  eden space 35072K,   0% used [0x05400000, 0x05400000, 0x07640000)
  from space 4352K,  20% used [0x07a80000, 0x07b5a130, 0x07ec0000)
  to   space 4352K,   0% used [0x07640000, 0x07640000, 0x07a80000)
 tenured generation   total 87424K, used 27759K [0x0fea0000, 0x15400000, 0x25400000)
   the space 87424K,  31% used [0x0fea0000, 0x119bbe18, 0x119bc000, 0x15400000)
 Metaspace       used 18282K, capacity 18732K, committed 18816K, reserved 18816K
}
Event: 2948.810 GC heap before
{Heap before GC invocations=8 (full 1):
 def new generation   total 39424K, used 35944K [0x05400000, 0x07ec0000, 0x0fea0000)
  eden space 35072K, 100% used [0x05400000, 0x07640000, 0x07640000)
  from space 4352K,  20% used [0x07a80000, 0x07b5a130, 0x07ec0000)
  to   space 4352K,   0% used [0x07640000, 0x07640000, 0x07a80000)
 tenured generation   total 87424K, used 27759K [0x0fea0000, 0x15400000, 0x25400000)
   the space 87424K,  31% used [0x0fea0000, 0x119bbe18, 0x119bc000, 0x15400000)
 Metaspace       used 18285K, capacity 18732K, committed 18816K, reserved 18816K
Event: 2948.814 GC heap after
Heap after GC invocations=9 (full 1):
 def new generation   total 39424K, used 676K [0x05400000, 0x07ec0000, 0x0fea0000)
  eden space 35072K,   0% used [0x05400000, 0x05400000, 0x07640000)
  from space 4352K,  15% used [0x07640000, 0x076e91e8, 0x07a80000)
  to   space 4352K,   0% used [0x07a80000, 0x07a80000, 0x07ec0000)
 tenured generation   total 87424K, used 27759K [0x0fea0000, 0x15400000, 0x25400000)
   the space 87424K,  31% used [0x0fea0000, 0x119bbe18, 0x119bc000, 0x15400000)
 Metaspace       used 18285K, capacity 18732K, committed 18816K, reserved 18816K
}
Event: 3971.089 GC heap before
{Heap before GC invocations=9 (full 1):
 def new generation   total 39424K, used 35748K [0x05400000, 0x07ec0000, 0x0fea0000)
  eden space 35072K, 100% used [0x05400000, 0x07640000, 0x07640000)
  from space 4352K,  15% used [0x07640000, 0x076e91e8, 0x07a80000)
  to   space 4352K,   0% used [0x07a80000, 0x07a80000, 0x07ec0000)
 tenured generation   total 87424K, used 27759K [0x0fea0000, 0x15400000, 0x25400000)
   the space 87424K,  31% used [0x0fea0000, 0x119bbe18, 0x119bc000, 0x15400000)
 Metaspace       used 18285K, capacity 18732K, committed 18816K, reserved 18816K
Event: 3971.094 GC heap after
Heap after GC invocations=10 (full 1):
 def new generation   total 39424K, used 771K [0x05400000, 0x07ec0000, 0x0fea0000)
  eden space 35072K,   0% used [0x05400000, 0x05400000, 0x07640000)
  from space 4352K,  17% used [0x07a80000, 0x07b40d70, 0x07ec0000)
  to   space 4352K,   0% used [0x07640000, 0x07640000, 0x07a80000)
 tenured generation   total 87424K, used 27759K [0x0fea0000, 0x15400000, 0x25400000)
   the space 87424K,  31% used [0x0fea0000, 0x119bbe18, 0x119bc000, 0x15400000)
 Metaspace       used 18285K, capacity 18732K, committed 18816K, reserved 18816K
}
Event: 6435.703 GC heap before
{Heap before GC invocations=10 (full 1):
 def new generation   total 39424K, used 35843K [0x05400000, 0x07ec0000, 0x0fea0000)
  eden space 35072K, 100% used [0x05400000, 0x07640000, 0x07640000)
  from space 4352K,  17% used [0x07a80000, 0x07b40d70, 0x07ec0000)
  to   space 4352K,   0% used [0x07640000, 0x07640000, 0x07a80000)
 tenured generation   total 87424K, used 27759K [0x0fea0000, 0x15400000, 0x25400000)
   the space 87424K,  31% used [0x0fea0000, 0x119bbe18, 0x119bc000, 0x15400000)
 Metaspace       used 18285K, capacity 18732K, committed 18816K, reserved 18816K
Event: 6435.709 GC heap after
Heap after GC invocations=11 (full 1):
 def new generation   total 39424K, used 738K [0x05400000, 0x07ec0000, 0x0fea0000)
  eden space 35072K,   0% used [0x05400000, 0x05400000, 0x07640000)
  from space 4352K,  16% used [0x07640000, 0x076f89c0, 0x07a80000)
  to   space 4352K,   0% used [0x07a80000, 0x07a80000, 0x07ec0000)
 tenured generation   total 87424K, used 27759K [0x0fea0000, 0x15400000, 0x25400000)
   the space 87424K,  31% used [0x0fea0000, 0x119bbe18, 0x119bc000, 0x15400000)
 Metaspace       used 18285K, capacity 18732K, committed 18816K, reserved 18816K
}
Event: 8605.031 GC heap before
{Heap before GC invocations=11 (full 1):
 def new generation   total 39424K, used 35810K [0x05400000, 0x07ec0000, 0x0fea0000)
  eden space 35072K, 100% used [0x05400000, 0x07640000, 0x07640000)
  from space 4352K,  16% used [0x07640000, 0x076f89c0, 0x07a80000)
  to   space 4352K,   0% used [0x07a80000, 0x07a80000, 0x07ec0000)
 tenured generation   total 87424K, used 27759K [0x0fea0000, 0x15400000, 0x25400000)
   the space 87424K,  31% used [0x0fea0000, 0x119bbe18, 0x119bc000, 0x15400000)
 Metaspace       used 18285K, capacity 18732K, committed 18816K, reserved 18816K
Event: 8605.038 GC heap after
Heap after GC invocations=12 (full 1):
 def new generation   total 39424K, used 848K [0x05400000, 0x07ec0000, 0x0fea0000)
  eden space 35072K,   0% used [0x05400000, 0x05400000, 0x07640000)
  from space 4352K,  19% used [0x07a80000, 0x07b543c0, 0x07ec0000)
  to   space 4352K,   0% used [0x07640000, 0x07640000, 0x07a80000)
 tenured generation   total 87424K, used 27759K [0x0fea0000, 0x15400000, 0x25400000)
   the space 87424K,  31% used [0x0fea0000, 0x119bbe18, 0x119bc000, 0x15400000)
 Metaspace       used 18285K, capacity 18732K, committed 18816K, reserved 18816K
}

