# JRE version: Java(TM) SE Runtime Environment (8.0_92-b14) (build 1.8.0_92-b14)
# Java VM: Java HotSpot(TM) Client VM (25.92-b14 mixed mode windows-x86 )
Heap:
 def new generation   total 39424K, used 20133K [0x04c00000, 0x076c0000, 0x0f6a0000)
  eden space 35072K,  55% used [0x04c00000, 0x05ef0610, 0x06e40000)
  from space 4352K,  17% used [0x06e40000, 0x06ef9128, 0x07280000)
  to   space 4352K,   0% used [0x07280000, 0x07280000, 0x076c0000)
 tenured generation   total 87424K, used 28261K [0x0f6a0000, 0x14c00000, 0x24c00000)
   the space 87424K,  32% used [0x0f6a0000, 0x112394b0, 0x11239600, 0x14c00000)
 Metaspace       used 18532K, capacity 18990K, committed 19072K, reserved 19840K
GC Heap History (10 events):
Event: 1172.641 GC heap before
{Heap before GC invocations=6 (full 1):
 def new generation   total 39424K, used 35525K [0x04c00000, 0x076c0000, 0x0f6a0000)
  eden space 35072K, 100% used [0x04c00000, 0x06e40000, 0x06e40000)
  from space 4352K,  10% used [0x07280000, 0x072f1718, 0x076c0000)
  to   space 4352K,   0% used [0x06e40000, 0x06e40000, 0x07280000)
 tenured generation   total 87424K, used 28261K [0x0f6a0000, 0x14c00000, 0x24c00000)
   the space 87424K,  32% used [0x0f6a0000, 0x112394b0, 0x11239600, 0x14c00000)
 Metaspace       used 18343K, capacity 18798K, committed 18816K, reserved 18816K
Event: 1172.647 GC heap after
Heap after GC invocations=7 (full 1):
 def new generation   total 39424K, used 1173K [0x04c00000, 0x076c0000, 0x0f6a0000)
  eden space 35072K,   0% used [0x04c00000, 0x04c00000, 0x06e40000)
  from space 4352K,  26% used [0x06e40000, 0x06f657b8, 0x07280000)
  to   space 4352K,   0% used [0x07280000, 0x07280000, 0x076c0000)
 tenured generation   total 87424K, used 28261K [0x0f6a0000, 0x14c00000, 0x24c00000)
   the space 87424K,  32% used [0x0f6a0000, 0x112394b0, 0x11239600, 0x14c00000)
 Metaspace       used 18343K, capacity 18798K, committed 18816K, reserved 18816K
}
Event: 1695.642 GC heap before
{Heap before GC invocations=7 (full 1):
 def new generation   total 39424K, used 36245K [0x04c00000, 0x076c0000, 0x0f6a0000)
  eden space 35072K, 100% used [0x04c00000, 0x06e40000, 0x06e40000)
  from space 4352K,  26% used [0x06e40000, 0x06f657b8, 0x07280000)
  to   space 4352K,   0% used [0x07280000, 0x07280000, 0x076c0000)
 tenured generation   total 87424K, used 28261K [0x0f6a0000, 0x14c00000, 0x24c00000)
   the space 87424K,  32% used [0x0f6a0000, 0x112394b0, 0x11239600, 0x14c00000)
 Metaspace       used 18455K, capacity 18924K, committed 18944K, reserved 19840K
Event: 1695.653 GC heap after
Heap after GC invocations=8 (full 1):
 def new generation   total 39424K, used 1463K [0x04c00000, 0x076c0000, 0x0f6a0000)
  eden space 35072K,   0% used [0x04c00000, 0x04c00000, 0x06e40000)
  from space 4352K,  33% used [0x07280000, 0x073edd30, 0x076c0000)
  to   space 4352K,   0% used [0x06e40000, 0x06e40000, 0x07280000)
 tenured generation   total 87424K, used 28261K [0x0f6a0000, 0x14c00000, 0x24c00000)
   the space 87424K,  32% used [0x0f6a0000, 0x112394b0, 0x11239600, 0x14c00000)
 Metaspace       used 18455K, capacity 18924K, committed 18944K, reserved 19840K
}
Event: 2492.490 GC heap before
{Heap before GC invocations=8 (full 1):
 def new generation   total 39424K, used 36535K [0x04c00000, 0x076c0000, 0x0f6a0000)
  eden space 35072K, 100% used [0x04c00000, 0x06e40000, 0x06e40000)
  from space 4352K,  33% used [0x07280000, 0x073edd30, 0x076c0000)
  to   space 4352K,   0% used [0x06e40000, 0x06e40000, 0x07280000)
 tenured generation   total 87424K, used 28261K [0x0f6a0000, 0x14c00000, 0x24c00000)
   the space 87424K,  32% used [0x0f6a0000, 0x112394b0, 0x11239600, 0x14c00000)
 Metaspace       used 18530K, capacity 18990K, committed 19072K, reserved 19840K
Event: 2492.498 GC heap after
Heap after GC invocations=9 (full 1):
 def new generation   total 39424K, used 1339K [0x04c00000, 0x076c0000, 0x0f6a0000)
  eden space 35072K,   0% used [0x04c00000, 0x04c00000, 0x06e40000)
  from space 4352K,  30% used [0x06e40000, 0x06f8ece0, 0x07280000)
  to   space 4352K,   0% used [0x07280000, 0x07280000, 0x076c0000)
 tenured generation   total 87424K, used 28261K [0x0f6a0000, 0x14c00000, 0x24c00000)
   the space 87424K,  32% used [0x0f6a0000, 0x112394b0, 0x11239600, 0x14c00000)
 Metaspace       used 18530K, capacity 18990K, committed 19072K, reserved 19840K
}
Event: 5018.459 GC heap before
{Heap before GC invocations=9 (full 1):
 def new generation   total 39424K, used 36411K [0x04c00000, 0x076c0000, 0x0f6a0000)
  eden space 35072K, 100% used [0x04c00000, 0x06e40000, 0x06e40000)
  from space 4352K,  30% used [0x06e40000, 0x06f8ece0, 0x07280000)
  to   space 4352K,   0% used [0x07280000, 0x07280000, 0x076c0000)
 tenured generation   total 87424K, used 28261K [0x0f6a0000, 0x14c00000, 0x24c00000)
   the space 87424K,  32% used [0x0f6a0000, 0x112394b0, 0x11239600, 0x14c00000)
 Metaspace       used 18532K, capacity 18990K, committed 19072K, reserved 19840K
Event: 5018.510 GC heap after
Heap after GC invocations=10 (full 1):
 def new generation   total 39424K, used 1304K [0x04c00000, 0x076c0000, 0x0f6a0000)
  eden space 35072K,   0% used [0x04c00000, 0x04c00000, 0x06e40000)
  from space 4352K,  29% used [0x07280000, 0x073c6150, 0x076c0000)
  to   space 4352K,   0% used [0x06e40000, 0x06e40000, 0x07280000)
 tenured generation   total 87424K, used 28261K [0x0f6a0000, 0x14c00000, 0x24c00000)
   the space 87424K,  32% used [0x0f6a0000, 0x112394b0, 0x11239600, 0x14c00000)
 Metaspace       used 18532K, capacity 18990K, committed 19072K, reserved 19840K
}
Event: 7959.665 GC heap before
{Heap before GC invocations=10 (full 1):
 def new generation   total 39424K, used 36376K [0x04c00000, 0x076c0000, 0x0f6a0000)
  eden space 35072K, 100% used [0x04c00000, 0x06e40000, 0x06e40000)
  from space 4352K,  29% used [0x07280000, 0x073c6150, 0x076c0000)
  to   space 4352K,   0% used [0x06e40000, 0x06e40000, 0x07280000)
 tenured generation   total 87424K, used 28261K [0x0f6a0000, 0x14c00000, 0x24c00000)
   the space 87424K,  32% used [0x0f6a0000, 0x112394b0, 0x11239600, 0x14c00000)
 Metaspace       used 18532K, capacity 18990K, committed 19072K, reserved 19840K
Event: 7959.701 GC heap after
Heap after GC invocations=11 (full 1):
 def new generation   total 39424K, used 740K [0x04c00000, 0x076c0000, 0x0f6a0000)
  eden space 35072K,   0% used [0x04c00000, 0x04c00000, 0x06e40000)
  from space 4352K,  17% used [0x06e40000, 0x06ef9128, 0x07280000)
  to   space 4352K,   0% used [0x07280000, 0x07280000, 0x076c0000)
 tenured generation   total 87424K, used 28261K [0x0f6a0000, 0x14c00000, 0x24c00000)
   the space 87424K,  32% used [0x0f6a0000, 0x112394b0, 0x11239600, 0x14c00000)
 Metaspace       used 18532K, capacity 18990K, committed 19072K, reserved 19840K
}

